{
  "0 debug pnpm:scope": {
    "selected": 1,
    "workspacePrefix": "/Users/kumali/EFProjects/taste-nx"
  },
  "1 error pnpm": {
    "errno": 1,
    "code": "ELIFECYCLE",
    "pkgid": "taste-nx@0.0.0",
    "stage": "test",
    "script": "nx test \"el-web-app-ui\"",
    "pkgname": "taste-nx",
    "err": {
      "name": "pnpm",
      "message": "taste-nx@0.0.0 test: `nx test \"el-web-app-ui\"`\nExit status 1",
      "code": "ELIFECYCLE",
      "stack": "pnpm: taste-nx@0.0.0 test: `nx test \"el-web-app-ui\"`\nExit status 1\n    at EventEmitter.<anonymous> (/Users/kumali/.nvm/versions/node/v14.19.0/lib/node_modules/pnpm/dist/pnpm.cjs:106976:20)\n    at EventEmitter.emit (events.js:400:28)\n    at ChildProcess.<anonymous> (/Users/kumali/.nvm/versions/node/v14.19.0/lib/node_modules/pnpm/dist/pnpm.cjs:93542:18)\n    at ChildProcess.emit (events.js:400:28)\n    at maybeClose (internal/child_process.js:1058:16)\n    at Process.ChildProcess._handle.onexit (internal/child_process.js:293:5)"
    }
  }
}